<?xml version="1.0" encoding="UTF-8"?>
<!-- Generated by org.testng.reporters.JUnitReportReporter -->
<testsuite hostname="DESKTOP-MFFIQLV" failures="0" tests="16" name="learntestng.KGF" time="0.075" errors="0" timestamp="2022-12-01T09:08:40 IST" skipped="0">
  <testcase classname="learntestng.KGF" name="vanaram" time="0.014"/>
  <system-out/>
  <testcase classname="learntestng.KGF" name="suryavardhan" time="0.003"/>
  <system-out/>
  <testcase classname="learntestng.KGF" name="garuda" time="0.005"/>
  <system-out/>
  <testcase classname="learntestng.KGF" name="rajendraDesai" time="0.004"/>
  <system-out/>
  <testcase classname="learntestng.KGF" name="adheera" time="0.004"/>
  <system-out/>
  <testcase classname="learntestng.KGF" name="mumbaiShetty" time="0.003"/>
  <system-out/>
  <testcase classname="learntestng.KGF" name="rocky" time="0.003"/>
  <system-out/>
  <testcase classname="learntestng.KGF" name="rocky" time="0.002"/>
  <system-out/>
  <testcase classname="learntestng.KGF" name="rocky" time="0.003"/>
  <system-out/>
  <testcase classname="learntestng.KGF" name="rocky" time="0.005"/>
  <system-out/>
  <testcase classname="learntestng.KGF" name="rocky" time="0.005"/>
  <system-out/>
  <testcase classname="learntestng.KGF" name="rocky" time="0.010"/>
  <system-out/>
  <testcase classname="learntestng.KGF" name="rocky" time="0.003"/>
  <system-out/>
  <testcase classname="learntestng.KGF" name="rocky" time="0.003"/>
  <system-out/>
  <testcase classname="learntestng.KGF" name="rocky" time="0.006"/>
  <system-out/>
  <testcase classname="learntestng.KGF" name="ramikasen" time="0.002"/>
  <system-out/>
</testsuite> <!-- learntestng.KGF -->
