<?xml version="1.0" encoding="UTF-8"?>
<!-- Generated by org.testng.reporters.JUnitReportReporter -->
<testsuite hostname="Dhanush8" failures="0" tests="1" name="com.trello.qspiders.createanddeleteboard.EndToEndScenario" time="33.332" errors="0" timestamp="2023-02-26T15:05:53 IST" skipped="0">
  <testcase classname="com.trello.qspiders.createanddeleteboard.EndToEndScenario" name="createAndDeleteKranthi_01" time="33.332"/>
  <system-out/>
</testsuite> <!-- com.trello.qspiders.createanddeleteboard.EndToEndScenario -->
